<?xml version="1.0" encoding="UTF-8"?>
<!-- Generated by org.testng.reporters.JUnitXMLReporter -->
<testsuite hostname="USHYDSMNOONE4" name="Test" tests="3" failures="0" timestamp="26 Apr 2018 11:36:55 GMT" time="61.446" errors="0">
  <testcase name="NaviagteToHomePage" time="49.498" classname="test.VerifyNewTopicCreated"/>
  <testcase name="verifyTopicCreated" time="5.735" classname="test.VerifyNewTopicCreated"/>
  <testcase name="verifyTopicEdited" time="0.005" classname="test.VerifyNewTopicCreated"/>
</testsuite> <!-- Test -->
