<?xml version="1.0" encoding="UTF-8"?>
<testng-results skipped="0" failed="0" ignored="0" total="1" passed="1">
  <reporter-output>
  </reporter-output>
  <suite name="Suite" duration-ms="59400" started-at="2018-05-03T08:53:39Z" finished-at="2018-05-03T08:54:38Z">
    <groups>
    </groups>
    <test name="Test" duration-ms="59400" started-at="2018-05-03T08:53:39Z" finished-at="2018-05-03T08:54:38Z">
      <class name="test.DeleteTopic">
        <test-method status="PASS" signature="launch()[pri:0, instance:test.DeleteTopic@c038203]" name="launch" is-config="true" duration-ms="9440" started-at="2018-05-03T08:53:39Z" finished-at="2018-05-03T08:53:48Z">
          <reporter-output>
          </reporter-output>
        </test-method> <!-- launch -->
        <test-method status="PASS" signature="DeleteTopic1(java.lang.String, java.lang.String, java.lang.String)[pri:0, instance:test.DeleteTopic@c038203]" name="DeleteTopic1" duration-ms="47744" started-at="2018-05-03T08:53:48Z" finished-at="2018-05-03T08:54:36Z">
          <params>
            <param index="0">
              <value>
                <![CDATA[usqaex\vdonepudi]]>
              </value>
            </param>
            <param index="1">
              <value>
                <![CDATA[Portal123!]]>
              </value>
            </param>
            <param index="2">
              <value>
                <![CDATA[Automation Topic]]>
              </value>
            </param>
          </params>
          <reporter-output>
          </reporter-output>
        </test-method> <!-- DeleteTopic1 -->
        <test-method status="PASS" signature="tearDown()[pri:0, instance:test.DeleteTopic@c038203]" name="tearDown" is-config="true" duration-ms="2160" started-at="2018-05-03T08:54:36Z" finished-at="2018-05-03T08:54:38Z">
          <reporter-output>
          </reporter-output>
        </test-method> <!-- tearDown -->
      </class> <!-- test.DeleteTopic -->
    </test> <!-- Test -->
  </suite> <!-- Suite -->
</testng-results>
